/*C6*/SET SCHEMA PUBLIC
DISCONNECT
/*C5*/SET SCHEMA PUBLIC
DISCONNECT
/*C7*/SET SCHEMA PUBLIC
CREATE TABLE Cars( Id INTEGER IDENTITY PRIMARY KEY, Name varchar(30) NOT NULL, Model varchar(30) NOT NULL, RegArea varchar(30) NOT NULL)
/*C8*/SET SCHEMA PUBLIC
INSERT INTO CARS VALUES(0,'KONA','SUV','Dublin')
COMMIT
INSERT INTO CARS VALUES(1,'i20','compact','Dublin')
COMMIT
INSERT INTO CARS VALUES(2,'XF','sedan','Dublin')
COMMIT
INSERT INTO CARS VALUES(3,'Cobra','convertable','Dublin')
COMMIT
INSERT INTO CARS VALUES(4,'A8','Sedan','Athlone')
COMMIT
INSERT INTO CARS VALUES(5,'GLA','Supercar','Cork')
COMMIT
INSERT INTO CARS VALUES(6,'punto','comapct','Galway')
COMMIT
/*C7*/DISCONNECT
/*C8*/DISCONNECT
/*C9*/SET SCHEMA PUBLIC
DISCONNECT
/*C10*/SET SCHEMA PUBLIC
CREATE TABLE Pizza( Id INTEGER IDENTITY PRIMARY KEY, Name varchar(30) NOT NULL, Base varchar(30) NOT NULL, Topping varchar(30) NOT NULL)
/*C11*/SET SCHEMA PUBLIC
INSERT INTO PIZZA VALUES(0,'Margherita','Cheese Burst','Oregano')
COMMIT
INSERT INTO PIZZA VALUES(1,'Pizza al Pesto','Thin Crust','Extra Cheese')
COMMIT
INSERT INTO PIZZA VALUES(2,'Mediterranea','Pan Base','Popcorn Chicken')
COMMIT
INSERT INTO PIZZA VALUES(3,'Vegetarian','Cheese Burst','Olives')
COMMIT
INSERT INTO PIZZA VALUES(4,'Chicken tikka','Cheese Burst','Onion')
COMMIT
DISCONNECT
/*C10*/DISCONNECT
/*C12*/SET SCHEMA PUBLIC
INSERT INTO PIZZA VALUES(5,'Margherita','Cheese Burst','Oregano')
COMMIT
INSERT INTO PIZZA VALUES(6,'Pizza al Pesto','Thin Crust','Extra Cheese')
COMMIT
INSERT INTO PIZZA VALUES(7,'Mediterranea','Pan Base','Popcorn Chicken')
COMMIT
INSERT INTO PIZZA VALUES(8,'Vegetarian','Cheese Burst','Olives')
COMMIT
INSERT INTO PIZZA VALUES(9,'Chicken tikka','Cheese Burst','Onion')
COMMIT
INSERT INTO PIZZA VALUES(10,'Seafood','Thin Crust','Oyester')
COMMIT
INSERT INTO PIZZA VALUES(11,'Ham & Pineapple','Pan Base','Chilli Flakes')
COMMIT
/*C4*/SET SCHEMA PUBLIC
DROP TABLE Pizza\u000a
/*C12*/DISCONNECT
/*C13*/SET SCHEMA PUBLIC
CREATE TABLE Pizza( Id INTEGER IDENTITY PRIMARY KEY, Name varchar(30) NOT NULL, Base varchar(30) NOT NULL, Topping varchar(30) NOT NULL)
/*C14*/SET SCHEMA PUBLIC
INSERT INTO PIZZA VALUES(0,'Margherita','Cheese Burst','Oregano')
COMMIT
INSERT INTO PIZZA VALUES(1,'Pizza al Pesto','Thin Crust','Extra Cheese')
COMMIT
INSERT INTO PIZZA VALUES(2,'Mediterranea','Pan Base','Popcorn Chicken')
COMMIT
INSERT INTO PIZZA VALUES(3,'Vegetarian','Cheese Burst','Olives')
COMMIT
INSERT INTO PIZZA VALUES(4,'Chicken tikka','Cheese Burst','Onion')
COMMIT
INSERT INTO PIZZA VALUES(5,'Seafood','Thin Crust','Oyester')
COMMIT
INSERT INTO PIZZA VALUES(6,'Ham & Pineapple','Pan Base','Chilli Flakes')
COMMIT
DISCONNECT
/*C13*/DISCONNECT
/*C15*/SET SCHEMA PUBLIC
DISCONNECT
/*C21*/SET SCHEMA PUBLIC
DISCONNECT
/*C20*/SET SCHEMA PUBLIC
DISCONNECT
/*C19*/SET SCHEMA PUBLIC
DISCONNECT
/*C18*/SET SCHEMA PUBLIC
DISCONNECT
/*C17*/SET SCHEMA PUBLIC
DISCONNECT
/*C16*/SET SCHEMA PUBLIC
DISCONNECT
/*C24*/SET SCHEMA PUBLIC
INSERT INTO PIZZA VALUES(7,'Margherita','Cheese Burst','Oregano')
COMMIT
INSERT INTO PIZZA VALUES(8,'Pizza al Pesto','Thin Crust','Extra Cheese')
COMMIT
INSERT INTO PIZZA VALUES(9,'Mediterranea','Pan Base','Popcorn Chicken')
COMMIT
INSERT INTO PIZZA VALUES(10,'Vegetarian','Cheese Burst','Olives')
COMMIT
INSERT INTO PIZZA VALUES(11,'Chicken tikka','Cheese Burst','Onion')
COMMIT
INSERT INTO PIZZA VALUES(12,'Seafood','Thin Crust','Oyester')
COMMIT
INSERT INTO PIZZA VALUES(13,'Ham & Pineapple','Pan Base','Chilli Flakes')
COMMIT
/*C22*/SET SCHEMA PUBLIC
DISCONNECT
/*C23*/SET SCHEMA PUBLIC
DISCONNECT
/*C25*/SET SCHEMA PUBLIC
DISCONNECT
/*C26*/SET SCHEMA PUBLIC
DISCONNECT
/*C24*/DISCONNECT
/*C28*/SET SCHEMA PUBLIC
DISCONNECT
/*C27*/SET SCHEMA PUBLIC
DISCONNECT
/*C29*/SET SCHEMA PUBLIC
DISCONNECT
/*C30*/SET SCHEMA PUBLIC
DISCONNECT
/*C31*/SET SCHEMA PUBLIC
DISCONNECT
/*C32*/SET SCHEMA PUBLIC
DISCONNECT
/*C33*/SET SCHEMA PUBLIC
INSERT INTO PIZZA VALUES(14,'mushroom','pan','jalapenos')
COMMIT
/*C35*/SET SCHEMA PUBLIC
DISCONNECT
/*C33*/DISCONNECT
/*C34*/SET SCHEMA PUBLIC
DISCONNECT
/*C37*/SET SCHEMA PUBLIC
INSERT INTO PIZZA VALUES(15,'dvmdv,','cvdmvdmv','cldkv;ld')
COMMIT
/*C39*/SET SCHEMA PUBLIC
DELETE FROM PIZZA WHERE ID=15
COMMIT
/*C41*/SET SCHEMA PUBLIC
INSERT INTO PIZZA VALUES(16,'dvmdv,','cvdmvdmv','cldkv;ld')
COMMIT
/*C45*/SET SCHEMA PUBLIC
DELETE FROM PIZZA WHERE ID=16
INSERT INTO PIZZA VALUES(16,'cvdnv mv','cfdfmdm','cldkv;ld')
COMMIT
/*C47*/SET SCHEMA PUBLIC
DELETE FROM PIZZA WHERE ID=0
DELETE FROM PIZZA WHERE ID=1
DELETE FROM PIZZA WHERE ID=2
DELETE FROM PIZZA WHERE ID=3
DELETE FROM PIZZA WHERE ID=4
DELETE FROM PIZZA WHERE ID=5
DELETE FROM PIZZA WHERE ID=6
DELETE FROM PIZZA WHERE ID=7
DELETE FROM PIZZA WHERE ID=8
DELETE FROM PIZZA WHERE ID=9
DELETE FROM PIZZA WHERE ID=10
DELETE FROM PIZZA WHERE ID=11
DELETE FROM PIZZA WHERE ID=12
DELETE FROM PIZZA WHERE ID=13
DELETE FROM PIZZA WHERE ID=14
DELETE FROM PIZZA WHERE ID=16
COMMIT
/*C50*/SET SCHEMA PUBLIC
INSERT INTO PIZZA VALUES(17,'Margherita','Cheese Burst','Oregano')
COMMIT
INSERT INTO PIZZA VALUES(18,'Pizza al Pesto','Thin Crust','Extra Cheese')
COMMIT
INSERT INTO PIZZA VALUES(19,'Mediterranea','Pan Base','Popcorn Chicken')
COMMIT
INSERT INTO PIZZA VALUES(20,'Vegetarian','Cheese Burst','Olives')
COMMIT
INSERT INTO PIZZA VALUES(21,'Chicken tikka','Cheese Burst','Onion')
COMMIT
INSERT INTO PIZZA VALUES(22,'Seafood','Thin Crust','Oyester')
COMMIT
INSERT INTO PIZZA VALUES(23,'Ham & Pineapple','Pan Base','Chilli Flakes')
COMMIT
/*C39*/DISCONNECT
/*C38*/SET SCHEMA PUBLIC
DISCONNECT
/*C37*/DISCONNECT
/*C42*/SET SCHEMA PUBLIC
DISCONNECT
/*C41*/DISCONNECT
/*C40*/SET SCHEMA PUBLIC
DISCONNECT
/*C43*/SET SCHEMA PUBLIC
DISCONNECT
/*C46*/SET SCHEMA PUBLIC
DISCONNECT
/*C45*/DISCONNECT
/*C44*/SET SCHEMA PUBLIC
DISCONNECT
/*C48*/SET SCHEMA PUBLIC
DISCONNECT
/*C36*/SET SCHEMA PUBLIC
DISCONNECT
/*C4*/DROP TABLE Pizza\u000a
DROP TABLE Cars\u000a
/*C51*/SET SCHEMA PUBLIC
DISCONNECT
/*C49*/SET SCHEMA PUBLIC
DISCONNECT
/*C47*/DISCONNECT
/*C50*/DISCONNECT
/*C53*/SET SCHEMA PUBLIC
DISCONNECT
/*C52*/SET SCHEMA PUBLIC
DISCONNECT
/*C54*/SET SCHEMA PUBLIC
DISCONNECT
/*C56*/SET SCHEMA PUBLIC
CREATE TABLE Pizza( Id INTEGER IDENTITY PRIMARY KEY, Name varchar(30) NOT NULL, Base varchar(30) NOT NULL, Topping varchar(30) NOT NULL)
/*C57*/SET SCHEMA PUBLIC
INSERT INTO PIZZA VALUES(0,'Margherita','Cheese Burst','Oregano')
COMMIT
INSERT INTO PIZZA VALUES(1,'Pizza al Pesto','Thin Crust','Extra Cheese')
COMMIT
INSERT INTO PIZZA VALUES(2,'Mediterranea','Pan Base','Popcorn Chicken')
COMMIT
INSERT INTO PIZZA VALUES(3,'Vegetarian','Cheese Burst','Olives')
COMMIT
INSERT INTO PIZZA VALUES(4,'Chicken tikka','Cheese Burst','Onion')
COMMIT
INSERT INTO PIZZA VALUES(5,'Seafood','Thin Crust','Oyester')
COMMIT
INSERT INTO PIZZA VALUES(6,'Ham & Pineapple','Pan Base','Chilli Flakes')
COMMIT
/*C55*/SET SCHEMA PUBLIC
DISCONNECT
/*C58*/SET SCHEMA PUBLIC
DISCONNECT
/*C59*/SET SCHEMA PUBLIC
INSERT INTO PIZZA VALUES(7,'Mushroom','Pan base','Olive')
COMMIT
/*C57*/DISCONNECT
/*C56*/DISCONNECT
/*C59*/DISCONNECT
/*C60*/SET SCHEMA PUBLIC
DISCONNECT
/*C61*/SET SCHEMA PUBLIC
DISCONNECT
/*C62*/SET SCHEMA PUBLIC
DISCONNECT
/*C64*/SET SCHEMA PUBLIC
INSERT INTO PIZZA VALUES(8,'Margherita','Cheese Burst','Oregano')
COMMIT
INSERT INTO PIZZA VALUES(9,'Pizza al Pesto','Thin Crust','Extra Cheese')
COMMIT
INSERT INTO PIZZA VALUES(10,'Mediterranea','Pan Base','Popcorn Chicken')
COMMIT
INSERT INTO PIZZA VALUES(11,'Vegetarian','Cheese Burst','Olives')
COMMIT
INSERT INTO PIZZA VALUES(12,'Chicken tikka','Cheese Burst','Onion')
COMMIT
INSERT INTO PIZZA VALUES(13,'Seafood','Thin Crust','Oyester')
COMMIT
INSERT INTO PIZZA VALUES(14,'Ham & Pineapple','Pan Base','Chilli Flakes')
COMMIT
/*C66*/SET SCHEMA PUBLIC
INSERT INTO PIZZA VALUES(15,'Margherita','Cheese Burst','Oregano')
COMMIT
INSERT INTO PIZZA VALUES(16,'Pizza al Pesto','Thin Crust','Extra Cheese')
COMMIT
INSERT INTO PIZZA VALUES(17,'Mediterranea','Pan Base','Popcorn Chicken')
COMMIT
INSERT INTO PIZZA VALUES(18,'Vegetarian','Cheese Burst','Olives')
COMMIT
INSERT INTO PIZZA VALUES(19,'Chicken tikka','Cheese Burst','Onion')
COMMIT
INSERT INTO PIZZA VALUES(20,'Seafood','Thin Crust','Oyester')
COMMIT
INSERT INTO PIZZA VALUES(21,'Ham & Pineapple','Pan Base','Chilli Flakes')
COMMIT
/*C65*/SET SCHEMA PUBLIC
DISCONNECT
/*C67*/SET SCHEMA PUBLIC
DISCONNECT
/*C4*/DROP TABLE Pizza\u000a
DISCONNECT
/*C70*/SET SCHEMA PUBLIC
DISCONNECT
/*C66*/DISCONNECT
/*C68*/SET SCHEMA PUBLIC
DISCONNECT
/*C64*/DISCONNECT
/*C63*/SET SCHEMA PUBLIC
DISCONNECT
/*C69*/SET SCHEMA PUBLIC
DISCONNECT
/*C71*/SET SCHEMA PUBLIC
DISCONNECT
/*C74*/SET SCHEMA PUBLIC
CREATE TABLE Pizza( Id INTEGER IDENTITY PRIMARY KEY, Name varchar(30) NOT NULL, Base varchar(30) NOT NULL, Topping varchar(30) NOT NULL)
/*C73*/SET SCHEMA PUBLIC
DISCONNECT
/*C75*/SET SCHEMA PUBLIC
INSERT INTO PIZZA VALUES(0,'Margherita','Cheese Burst','Oregano')
COMMIT
INSERT INTO PIZZA VALUES(1,'Pizza al Pesto','Thin Crust','Extra Cheese')
COMMIT
INSERT INTO PIZZA VALUES(2,'Mediterranea','Pan Base','Popcorn Chicken')
COMMIT
INSERT INTO PIZZA VALUES(3,'Vegetarian','Cheese Burst','Olives')
COMMIT
INSERT INTO PIZZA VALUES(4,'Chicken tikka','Cheese Burst','Onion')
COMMIT
INSERT INTO PIZZA VALUES(5,'Seafood','Thin Crust','Oyester')
COMMIT
INSERT INTO PIZZA VALUES(6,'Ham & Pineapple','Pan Base','Chilli Flakes')
COMMIT
/*C77*/SET SCHEMA PUBLIC
DELETE FROM PIZZA WHERE ID=1
COMMIT
/*C74*/DISCONNECT
/*C75*/DISCONNECT
/*C79*/SET SCHEMA PUBLIC
DELETE FROM PIZZA WHERE ID=0
INSERT INTO PIZZA VALUES(0,'veg','pan','olive')
COMMIT
/*C76*/SET SCHEMA PUBLIC
DISCONNECT
/*C77*/DISCONNECT
/*C78*/SET SCHEMA PUBLIC
DISCONNECT
/*C80*/SET SCHEMA PUBLIC
DISCONNECT
/*C79*/DISCONNECT
/*C81*/SET SCHEMA PUBLIC
DELETE FROM PIZZA WHERE ID=0
DELETE FROM PIZZA WHERE ID=2
DELETE FROM PIZZA WHERE ID=3
DELETE FROM PIZZA WHERE ID=4
DELETE FROM PIZZA WHERE ID=5
DELETE FROM PIZZA WHERE ID=6
COMMIT
/*C82*/SET SCHEMA PUBLIC
DISCONNECT
/*C72*/SET SCHEMA PUBLIC
DISCONNECT
/*C81*/DISCONNECT
/*C83*/SET SCHEMA PUBLIC
DISCONNECT
